service-novigrad-seg-2505-g29-main/Service Novigrad/app/build/intermediates/manifest_merge_blame_file/debug/manifest-merger-blame-debug-report.txt
1<?xml version="1.0" encoding="utf-8"?>
2<manifest xmlns:android="http://schemas.android.com/apk/res/android"
3    package="com.example.project"
4    android:versionCode="1"
5    android:versionName="1.0" >
6
7    <uses-sdk
8        android:minSdkVersion="24"
9        android:targetSdkVersion="33" />
10
11    <uses-permission android:name="android.permission.INTERNET" />
11-->src\main\AndroidManifest.xml:5:5-67
11-->src\main\AndroidManifest.xml:5:22-64
12    <uses-permission android:name="android.permission.ACCESS_NETWORK_STATE" />
12-->src\main\AndroidManifest.xml:6:5-79
12-->src\main\AndroidManifest.xml:6:22-76
13    <uses-permission android:name="android.permission.WAKE_LOCK" />
13-->[com.google.android.gms:play-services-measurement-api:21.4.0] AndroidManifest.xml:24:5-68
13-->[com.google.android.gms:play-services-measurement-api:21.4.0] AndroidManifest.xml:24:22-65
14    <uses-permission android:name="com.google.android.gms.permission.AD_ID" />
14-->[com.google.android.gms:play-services-measurement-api:21.4.0] AndroidManifest.xml:25:5-79
14-->[com.google.android.gms:play-services-measurement-api:21.4.0] AndroidManifest.xml:25:22-76
15    <uses-permission android:name="com.google.android.finsky.permission.BIND_GET_INSTALL_REFERRER_SERVICE" />
15-->[com.google.android.gms:play-services-measurement:21.4.0] AndroidManifest.xml:26:5-110
15-->[com.google.android.gms:play-services-measurement:21.4.0] AndroidManifest.xml:26:22-107
16
17    <permission
17-->[androidx.core:core:1.13.0-alpha02] AndroidManifest.xml:22:5-24:47
18        android:name="com.example.project.DYNAMIC_RECEIVER_NOT_EXPORTED_PERMISSION"
18-->[androidx.core:core:1.13.0-alpha02] AndroidManifest.xml:23:9-81
19        android:protectionLevel="signature" />
19-->[androidx.core:core:1.13.0-alpha02] AndroidManifest.xml:24:9-44
20
21    <uses-permission android:name="com.example.project.DYNAMIC_RECEIVER_NOT_EXPORTED_PERMISSION" />
21-->[androidx.core:core:1.13.0-alpha02] AndroidManifest.xml:26:5-97
21-->[androidx.core:core:1.13.0-alpha02] AndroidManifest.xml:26:22-94
22
23    <application
23-->src\main\AndroidManifest.xml:8:5-84:19
24        android:allowBackup="true"
24-->src\main\AndroidManifest.xml:9:9-35
25        android:appComponentFactory="androidx.core.app.CoreComponentFactory"
25-->[androidx.core:core:1.13.0-alpha02] AndroidManifest.xml:28:18-86
26        android:dataExtractionRules="@xml/data_extraction_rules"
26-->src\main\AndroidManifest.xml:10:9-65
27        android:debuggable="true"
28        android:extractNativeLibs="false"
29        android:fullBackupContent="@xml/backup_rules"
29-->src\main\AndroidManifest.xml:11:9-54
30        android:icon="@mipmap/ic_launcher"
30-->src\main\AndroidManifest.xml:12:9-43
31        android:label="@string/app_name"
31-->src\main\AndroidManifest.xml:13:9-41
32        android:roundIcon="@mipmap/ic_launcher_round"
32-->src\main\AndroidManifest.xml:14:9-54
33        android:supportsRtl="true"
33-->src\main\AndroidManifest.xml:15:9-35
34        android:testOnly="true"
35        android:theme="@style/Theme.Project" >
35-->src\main\AndroidManifest.xml:16:9-45
36        <activity
36-->src\main\AndroidManifest.xml:18:9-20:40
37            android:name="com.example.project.UserHoursSearchResultActivity"
37-->src\main\AndroidManifest.xml:19:13-58
38            android:exported="false" />
38-->src\main\AndroidManifest.xml:20:13-37
39        <activity
39-->src\main\AndroidManifest.xml:21:9-23:40
40            android:name="com.example.project.UserSearchByHours"
40-->src\main\AndroidManifest.xml:22:13-46
41            android:exported="false" />
41-->src\main\AndroidManifest.xml:23:13-37
42        <activity
42-->src\main\AndroidManifest.xml:24:9-26:40
43            android:name="com.example.project.UserServiceSearchResultActivity"
43-->src\main\AndroidManifest.xml:25:13-60
44            android:exported="false" />
44-->src\main\AndroidManifest.xml:26:13-37
45        <activity
45-->src\main\AndroidManifest.xml:27:9-29:40
46            android:name="com.example.project.UserSearchByService"
46-->src\main\AndroidManifest.xml:28:13-48
47            android:exported="false" />
47-->src\main\AndroidManifest.xml:29:13-37
48        <activity
48-->src\main\AndroidManifest.xml:30:9-32:40
49            android:name="com.example.project.UserAdresseSearchResultActivity"
49-->src\main\AndroidManifest.xml:31:13-60
50            android:exported="false" />
50-->src\main\AndroidManifest.xml:32:13-37
51        <activity
51-->src\main\AndroidManifest.xml:33:9-35:40
52            android:name="com.example.project.UserSearchByAdresse"
52-->src\main\AndroidManifest.xml:34:13-48
53            android:exported="false" />
53-->src\main\AndroidManifest.xml:35:13-37
54        <activity
54-->src\main\AndroidManifest.xml:36:9-38:40
55            android:name="com.example.project.UserSearchBranchesActivity"
55-->src\main\AndroidManifest.xml:37:13-55
56            android:exported="false" />
56-->src\main\AndroidManifest.xml:38:13-37
57        <activity
57-->src\main\AndroidManifest.xml:39:9-41:40
58            android:name="com.example.project.EmployeeManageBranchProfile"
58-->src\main\AndroidManifest.xml:40:13-56
59            android:exported="false" />
59-->src\main\AndroidManifest.xml:41:13-37
60        <activity
60-->src\main\AndroidManifest.xml:42:9-44:40
61            android:name="com.example.project.EmployeeBranchProfile"
61-->src\main\AndroidManifest.xml:43:13-50
62            android:exported="false" />
62-->src\main\AndroidManifest.xml:44:13-37
63        <activity
63-->src\main\AndroidManifest.xml:45:9-47:40
64            android:name="com.example.project.EmployeeHomepage"
64-->src\main\AndroidManifest.xml:46:13-45
65            android:exported="false" />
65-->src\main\AndroidManifest.xml:47:13-37
66        <activity
66-->src\main\AndroidManifest.xml:48:9-50:40
67            android:name="com.example.project.AdminManageBranches"
67-->src\main\AndroidManifest.xml:49:13-48
68            android:exported="false" />
68-->src\main\AndroidManifest.xml:50:13-37
69        <activity
69-->src\main\AndroidManifest.xml:51:9-53:40
70            android:name="com.example.project.AdminManageUsers"
70-->src\main\AndroidManifest.xml:52:13-45
71            android:exported="false" />
71-->src\main\AndroidManifest.xml:53:13-37
72        <activity
72-->src\main\AndroidManifest.xml:54:9-56:40
73            android:name="com.example.project.AdminManageServices"
73-->src\main\AndroidManifest.xml:55:13-48
74            android:exported="false" />
74-->src\main\AndroidManifest.xml:56:13-37
75        <activity
75-->src\main\AndroidManifest.xml:57:9-59:40
76            android:name="com.example.project.SignupActivity"
76-->src\main\AndroidManifest.xml:58:13-43
77            android:exported="false" />
77-->src\main\AndroidManifest.xml:59:13-37
78        <activity
78-->src\main\AndroidManifest.xml:60:9-62:39
79            android:name="com.example.project.AdminHomepage"
79-->src\main\AndroidManifest.xml:61:13-42
80            android:exported="true" />
80-->src\main\AndroidManifest.xml:62:13-36
81        <activity
81-->src\main\AndroidManifest.xml:63:9-65:39
82            android:name="com.example.project.Homepage"
82-->src\main\AndroidManifest.xml:64:13-37
83            android:exported="true" />
83-->src\main\AndroidManifest.xml:65:13-36
84        <activity android:name="com.example.project.EmployeeManageServices" />
84-->src\main\AndroidManifest.xml:66:9-60
84-->src\main\AndroidManifest.xml:66:19-57
85        <activity android:name="com.example.project.AddService" />
85-->src\main\AndroidManifest.xml:67:9-48
85-->src\main\AndroidManifest.xml:67:19-45
86        <activity android:name="com.example.project.ServiceDetail" />
86-->src\main\AndroidManifest.xml:68:9-51
86-->src\main\AndroidManifest.xml:68:19-48
87        <activity android:name="com.example.project.ServiceManager" />
87-->src\main\AndroidManifest.xml:69:9-52
87-->src\main\AndroidManifest.xml:69:19-49
88        <activity android:name="com.example.project.UserActivity" />
88-->src\main\AndroidManifest.xml:70:9-50
88-->src\main\AndroidManifest.xml:70:19-47
89        <activity android:name="com.example.project.EmployeeServicesActivity" />
89-->src\main\AndroidManifest.xml:71:9-62
89-->src\main\AndroidManifest.xml:71:19-59
90        <activity android:name="com.example.project.UserActionsActivity" />
90-->src\main\AndroidManifest.xml:72:9-57
90-->src\main\AndroidManifest.xml:72:19-54
91        <activity android:name="com.example.project.ViewRequestedService" />
91-->src\main\AndroidManifest.xml:73:9-58
91-->src\main\AndroidManifest.xml:73:19-55
92        <activity android:name="com.example.project.EmployeeManageRequests" />
92-->src\main\AndroidManifest.xml:74:9-60
92-->src\main\AndroidManifest.xml:74:19-57
93        <activity
93-->src\main\AndroidManifest.xml:75:9-83:20
94            android:name="com.example.project.LoginActivity"
94-->src\main\AndroidManifest.xml:76:13-42
95            android:exported="true" >
95-->src\main\AndroidManifest.xml:77:13-36
96            <intent-filter>
96-->src\main\AndroidManifest.xml:78:13-82:29
97                <action android:name="android.intent.action.MAIN" />
97-->src\main\AndroidManifest.xml:79:17-69
97-->src\main\AndroidManifest.xml:79:25-66
98
99                <category android:name="android.intent.category.LAUNCHER" />
99-->src\main\AndroidManifest.xml:81:17-77
99-->src\main\AndroidManifest.xml:81:27-74
100            </intent-filter>
101        </activity>
102        <activity
102-->[com.google.firebase:firebase-auth:22.2.0] AndroidManifest.xml:29:9-46:20
103            android:name="com.google.firebase.auth.internal.GenericIdpActivity"
103-->[com.google.firebase:firebase-auth:22.2.0] AndroidManifest.xml:30:13-80
104            android:excludeFromRecents="true"
104-->[com.google.firebase:firebase-auth:22.2.0] AndroidManifest.xml:31:13-46
105            android:exported="true"
105-->[com.google.firebase:firebase-auth:22.2.0] AndroidManifest.xml:32:13-36
106            android:launchMode="singleTask"
106-->[com.google.firebase:firebase-auth:22.2.0] AndroidManifest.xml:33:13-44
107            android:theme="@android:style/Theme.Translucent.NoTitleBar" >
107-->[com.google.firebase:firebase-auth:22.2.0] AndroidManifest.xml:34:13-72
108            <intent-filter>
108-->[com.google.firebase:firebase-auth:22.2.0] AndroidManifest.xml:35:13-45:29
109                <action android:name="android.intent.action.VIEW" />
109-->[com.google.firebase:firebase-auth:22.2.0] AndroidManifest.xml:36:17-69
109-->[com.google.firebase:firebase-auth:22.2.0] AndroidManifest.xml:36:25-66
110
111                <category android:name="android.intent.category.DEFAULT" />
111-->[com.google.firebase:firebase-auth:22.2.0] AndroidManifest.xml:38:17-76
111-->[com.google.firebase:firebase-auth:22.2.0] AndroidManifest.xml:38:27-73
112                <category android:name="android.intent.category.BROWSABLE" />
112-->[com.google.firebase:firebase-auth:22.2.0] AndroidManifest.xml:39:17-78
112-->[com.google.firebase:firebase-auth:22.2.0] AndroidManifest.xml:39:27-75
113
114                <data
114-->[com.google.firebase:firebase-auth:22.2.0] AndroidManifest.xml:41:17-44:51
115                    android:host="firebase.auth"
115-->[com.google.firebase:firebase-auth:22.2.0] AndroidManifest.xml:42:21-49
116                    android:path="/"
116-->[com.google.firebase:firebase-auth:22.2.0] AndroidManifest.xml:43:21-37
117                    android:scheme="genericidp" />
117-->[com.google.firebase:firebase-auth:22.2.0] AndroidManifest.xml:44:21-48
118            </intent-filter>
119        </activity>
120        <activity
120-->[com.google.firebase:firebase-auth:22.2.0] AndroidManifest.xml:47:9-64:20
121            android:name="com.google.firebase.auth.internal.RecaptchaActivity"
121-->[com.google.firebase:firebase-auth:22.2.0] AndroidManifest.xml:48:13-79
122            android:excludeFromRecents="true"
122-->[com.google.firebase:firebase-auth:22.2.0] AndroidManifest.xml:49:13-46
123            android:exported="true"
123-->[com.google.firebase:firebase-auth:22.2.0] AndroidManifest.xml:50:13-36
124            android:launchMode="singleTask"
124-->[com.google.firebase:firebase-auth:22.2.0] AndroidManifest.xml:51:13-44
125            android:theme="@android:style/Theme.Translucent.NoTitleBar" >
125-->[com.google.firebase:firebase-auth:22.2.0] AndroidManifest.xml:52:13-72
126            <intent-filter>
126-->[com.google.firebase:firebase-auth:22.2.0] AndroidManifest.xml:53:13-63:29
127                <action android:name="android.intent.action.VIEW" />
127-->[com.google.firebase:firebase-auth:22.2.0] AndroidManifest.xml:36:17-69
127-->[com.google.firebase:firebase-auth:22.2.0] AndroidManifest.xml:36:25-66
128
129                <category android:name="android.intent.category.DEFAULT" />
129-->[com.google.firebase:firebase-auth:22.2.0] AndroidManifest.xml:38:17-76
129-->[com.google.firebase:firebase-auth:22.2.0] AndroidManifest.xml:38:27-73
130                <category android:name="android.intent.category.BROWSABLE" />
130-->[com.google.firebase:firebase-auth:22.2.0] AndroidManifest.xml:39:17-78
130-->[com.google.firebase:firebase-auth:22.2.0] AndroidManifest.xml:39:27-75
131
132                <data
132-->[com.google.firebase:firebase-auth:22.2.0] AndroidManifest.xml:41:17-44:51
133                    android:host="firebase.auth"
133-->[com.google.firebase:firebase-auth:22.2.0] AndroidManifest.xml:42:21-49
134                    android:path="/"
134-->[com.google.firebase:firebase-auth:22.2.0] AndroidManifest.xml:43:21-37
135                    android:scheme="recaptcha" />
135-->[com.google.firebase:firebase-auth:22.2.0] AndroidManifest.xml:44:21-48
136            </intent-filter>
137        </activity>
138
139        <service
139-->[com.google.firebase:firebase-auth:22.2.0] AndroidManifest.xml:66:9-72:19
140            android:name="com.google.firebase.components.ComponentDiscoveryService"
140-->[com.google.firebase:firebase-auth:22.2.0] AndroidManifest.xml:67:13-84
141            android:directBootAware="true"
141-->[com.google.firebase:firebase-common:20.4.2] AndroidManifest.xml:32:13-43
142            android:exported="false" >
142-->[com.google.firebase:firebase-auth:22.2.0] AndroidManifest.xml:68:13-37
143            <meta-data
143-->[com.google.firebase:firebase-auth:22.2.0] AndroidManifest.xml:69:13-71:85
144                android:name="com.google.firebase.components:com.google.firebase.auth.FirebaseAuthRegistrar"
144-->[com.google.firebase:firebase-auth:22.2.0] AndroidManifest.xml:70:17-109
145                android:value="com.google.firebase.components.ComponentRegistrar" />
145-->[com.google.firebase:firebase-auth:22.2.0] AndroidManifest.xml:71:17-82
146            <meta-data
146-->[com.google.firebase:firebase-database:20.3.0] AndroidManifest.xml:29:13-31:85
147                android:name="com.google.firebase.components:com.google.firebase.database.FirebaseDatabaseKtxRegistrar"
147-->[com.google.firebase:firebase-database:20.3.0] AndroidManifest.xml:30:17-120
148                android:value="com.google.firebase.components.ComponentRegistrar" />
148-->[com.google.firebase:firebase-database:20.3.0] AndroidManifest.xml:31:17-82
149            <meta-data
149-->[com.google.firebase:firebase-database:20.3.0] AndroidManifest.xml:32:13-34:85
150                android:name="com.google.firebase.components:com.google.firebase.database.DatabaseRegistrar"
150-->[com.google.firebase:firebase-database:20.3.0] AndroidManifest.xml:33:17-109
151                android:value="com.google.firebase.components.ComponentRegistrar" />
151-->[com.google.firebase:firebase-database:20.3.0] AndroidManifest.xml:34:17-82
152            <meta-data
152-->[com.google.android.gms:play-services-measurement-api:21.4.0] AndroidManifest.xml:31:13-33:85
153                android:name="com.google.firebase.components:com.google.firebase.analytics.connector.internal.AnalyticsConnectorRegistrar"
153-->[com.google.android.gms:play-services-measurement-api:21.4.0] AndroidManifest.xml:32:17-139
154                android:value="com.google.firebase.components.ComponentRegistrar" />
154-->[com.google.android.gms:play-services-measurement-api:21.4.0] AndroidManifest.xml:33:17-82
155            <meta-data
155-->[com.google.firebase:firebase-installations:17.2.0] AndroidManifest.xml:15:13-17:85
156                android:name="com.google.firebase.components:com.google.firebase.installations.FirebaseInstallationsKtxRegistrar"
156-->[com.google.firebase:firebase-installations:17.2.0] AndroidManifest.xml:16:17-130
157                android:value="com.google.firebase.components.ComponentRegistrar" />
157-->[com.google.firebase:firebase-installations:17.2.0] AndroidManifest.xml:17:17-82
158            <meta-data
158-->[com.google.firebase:firebase-installations:17.2.0] AndroidManifest.xml:18:13-20:85
159                android:name="com.google.firebase.components:com.google.firebase.installations.FirebaseInstallationsRegistrar"
159-->[com.google.firebase:firebase-installations:17.2.0] AndroidManifest.xml:19:17-127
160                android:value="com.google.firebase.components.ComponentRegistrar" />
160-->[com.google.firebase:firebase-installations:17.2.0] AndroidManifest.xml:20:17-82
161            <meta-data
161-->[com.google.firebase:firebase-common-ktx:20.4.2] AndroidManifest.xml:12:13-14:85
162                android:name="com.google.firebase.components:com.google.firebase.ktx.FirebaseCommonLegacyRegistrar"
162-->[com.google.firebase:firebase-common-ktx:20.4.2] AndroidManifest.xml:13:17-116
163                android:value="com.google.firebase.components.ComponentRegistrar" />
163-->[com.google.firebase:firebase-common-ktx:20.4.2] AndroidManifest.xml:14:17-82
164            <meta-data
164-->[com.google.firebase:firebase-common:20.4.2] AndroidManifest.xml:35:13-37:85
165                android:name="com.google.firebase.components:com.google.firebase.FirebaseCommonKtxRegistrar"
165-->[com.google.firebase:firebase-common:20.4.2] AndroidManifest.xml:36:17-109
166                android:value="com.google.firebase.components.ComponentRegistrar" />
166-->[com.google.firebase:firebase-common:20.4.2] AndroidManifest.xml:37:17-82
167        </service>
168
169        <provider
169-->[com.google.firebase:firebase-common:20.4.2] AndroidManifest.xml:23:9-28:39
170            android:name="com.google.firebase.provider.FirebaseInitProvider"
170-->[com.google.firebase:firebase-common:20.4.2] AndroidManifest.xml:24:13-77
171            android:authorities="com.example.project.firebaseinitprovider"
171-->[com.google.firebase:firebase-common:20.4.2] AndroidManifest.xml:25:13-72
172            android:directBootAware="true"
172-->[com.google.firebase:firebase-common:20.4.2] AndroidManifest.xml:26:13-43
173            android:exported="false"
173-->[com.google.firebase:firebase-common:20.4.2] AndroidManifest.xml:27:13-37
174            android:initOrder="100" />
174-->[com.google.firebase:firebase-common:20.4.2] AndroidManifest.xml:28:13-36
175
176        <activity
176-->[com.google.android.gms:play-services-base:18.1.0] AndroidManifest.xml:20:9-22:45
177            android:name="com.google.android.gms.common.api.GoogleApiActivity"
177-->[com.google.android.gms:play-services-base:18.1.0] AndroidManifest.xml:20:19-85
178            android:exported="false"
178-->[com.google.android.gms:play-services-base:18.1.0] AndroidManifest.xml:22:19-43
179            android:theme="@android:style/Theme.Translucent.NoTitleBar" />
179-->[com.google.android.gms:play-services-base:18.1.0] AndroidManifest.xml:21:19-78
180
181        <receiver
181-->[com.google.android.gms:play-services-measurement:21.4.0] AndroidManifest.xml:29:9-33:20
182            android:name="com.google.android.gms.measurement.AppMeasurementReceiver"
182-->[com.google.android.gms:play-services-measurement:21.4.0] AndroidManifest.xml:30:13-85
183            android:enabled="true"
183-->[com.google.android.gms:play-services-measurement:21.4.0] AndroidManifest.xml:31:13-35
184            android:exported="false" >
184-->[com.google.android.gms:play-services-measurement:21.4.0] AndroidManifest.xml:32:13-37
185        </receiver>
186
187        <service
187-->[com.google.android.gms:play-services-measurement:21.4.0] AndroidManifest.xml:35:9-38:40
188            android:name="com.google.android.gms.measurement.AppMeasurementService"
188-->[com.google.android.gms:play-services-measurement:21.4.0] AndroidManifest.xml:36:13-84
189            android:enabled="true"
189-->[com.google.android.gms:play-services-measurement:21.4.0] AndroidManifest.xml:37:13-35
190            android:exported="false" />
190-->[com.google.android.gms:play-services-measurement:21.4.0] AndroidManifest.xml:38:13-37
191        <service
191-->[com.google.android.gms:play-services-measurement:21.4.0] AndroidManifest.xml:39:9-43:72
192            android:name="com.google.android.gms.measurement.AppMeasurementJobService"
192-->[com.google.android.gms:play-services-measurement:21.4.0] AndroidManifest.xml:40:13-87
193            android:enabled="true"
193-->[com.google.android.gms:play-services-measurement:21.4.0] AndroidManifest.xml:41:13-35
194            android:exported="false"
194-->[com.google.android.gms:play-services-measurement:21.4.0] AndroidManifest.xml:42:13-37
195            android:permission="android.permission.BIND_JOB_SERVICE" />
195-->[com.google.android.gms:play-services-measurement:21.4.0] AndroidManifest.xml:43:13-69
196
197        <uses-library
197-->[androidx.privacysandbox.ads:ads-adservices:1.0.0-beta05] AndroidManifest.xml:23:9-25:40
198            android:name="android.ext.adservices"
198-->[androidx.privacysandbox.ads:ads-adservices:1.0.0-beta05] AndroidManifest.xml:24:13-50
199            android:required="false" />
199-->[androidx.privacysandbox.ads:ads-adservices:1.0.0-beta05] AndroidManifest.xml:25:13-37
200
201        <provider
201-->[androidx.emoji2:emoji2:1.2.0] AndroidManifest.xml:24:9-32:20
202            android:name="androidx.startup.InitializationProvider"
202-->[androidx.emoji2:emoji2:1.2.0] AndroidManifest.xml:25:13-67
203            android:authorities="com.example.project.androidx-startup"
203-->[androidx.emoji2:emoji2:1.2.0] AndroidManifest.xml:26:13-68
204            android:exported="false" >
204-->[androidx.emoji2:emoji2:1.2.0] AndroidManifest.xml:27:13-37
205            <meta-data
205-->[androidx.emoji2:emoji2:1.2.0] AndroidManifest.xml:29:13-31:52
206                android:name="androidx.emoji2.text.EmojiCompatInitializer"
206-->[androidx.emoji2:emoji2:1.2.0] AndroidManifest.xml:30:17-75
207                android:value="androidx.startup" />
207-->[androidx.emoji2:emoji2:1.2.0] AndroidManifest.xml:31:17-49
208            <meta-data
208-->[androidx.lifecycle:lifecycle-process:2.6.2] AndroidManifest.xml:29:13-31:52
209                android:name="androidx.lifecycle.ProcessLifecycleInitializer"
209-->[androidx.lifecycle:lifecycle-process:2.6.2] AndroidManifest.xml:30:17-78
210                android:value="androidx.startup" />
210-->[androidx.lifecycle:lifecycle-process:2.6.2] AndroidManifest.xml:31:17-49
211            <meta-data
211-->[androidx.profileinstaller:profileinstaller:1.3.0] AndroidManifest.xml:29:13-31:52
212                android:name="androidx.profileinstaller.ProfileInstallerInitializer"
212-->[androidx.profileinstaller:profileinstaller:1.3.0] AndroidManifest.xml:30:17-85
213                android:value="androidx.startup" />
213-->[androidx.profileinstaller:profileinstaller:1.3.0] AndroidManifest.xml:31:17-49
214        </provider>
215
216        <meta-data
216-->[com.google.android.gms:play-services-basement:18.1.0] AndroidManifest.xml:21:9-23:69
217            android:name="com.google.android.gms.version"
217-->[com.google.android.gms:play-services-basement:18.1.0] AndroidManifest.xml:22:13-58
218            android:value="@integer/google_play_services_version" />
218-->[com.google.android.gms:play-services-basement:18.1.0] AndroidManifest.xml:23:13-66
219
220        <receiver
220-->[androidx.profileinstaller:profileinstaller:1.3.0] AndroidManifest.xml:34:9-52:20
221            android:name="androidx.profileinstaller.ProfileInstallReceiver"
221-->[androidx.profileinstaller:profileinstaller:1.3.0] AndroidManifest.xml:35:13-76
222            android:directBootAware="false"
222-->[androidx.profileinstaller:profileinstaller:1.3.0] AndroidManifest.xml:36:13-44
223            android:enabled="true"
223-->[androidx.profileinstaller:profileinstaller:1.3.0] AndroidManifest.xml:37:13-35
224            android:exported="true"
224-->[androidx.profileinstaller:profileinstaller:1.3.0] AndroidManifest.xml:38:13-36
225            android:permission="android.permission.DUMP" >
225-->[androidx.profileinstaller:profileinstaller:1.3.0] AndroidManifest.xml:39:13-57
226            <intent-filter>
226-->[androidx.profileinstaller:profileinstaller:1.3.0] AndroidManifest.xml:40:13-42:29
227                <action android:name="androidx.profileinstaller.action.INSTALL_PROFILE" />
227-->[androidx.profileinstaller:profileinstaller:1.3.0] AndroidManifest.xml:41:17-91
227-->[androidx.profileinstaller:profileinstaller:1.3.0] AndroidManifest.xml:41:25-88
228            </intent-filter>
229            <intent-filter>
229-->[androidx.profileinstaller:profileinstaller:1.3.0] AndroidManifest.xml:43:13-45:29
230                <action android:name="androidx.profileinstaller.action.SKIP_FILE" />
230-->[androidx.profileinstaller:profileinstaller:1.3.0] AndroidManifest.xml:44:17-85
230-->[androidx.profileinstaller:profileinstaller:1.3.0] AndroidManifest.xml:44:25-82
231            </intent-filter>
232            <intent-filter>
232-->[androidx.profileinstaller:profileinstaller:1.3.0] AndroidManifest.xml:46:13-48:29
233                <action android:name="androidx.profileinstaller.action.SAVE_PROFILE" />
233-->[androidx.profileinstaller:profileinstaller:1.3.0] AndroidManifest.xml:47:17-88
233-->[androidx.profileinstaller:profileinstaller:1.3.0] AndroidManifest.xml:47:25-85
234            </intent-filter>
235            <intent-filter>
235-->[androidx.profileinstaller:profileinstaller:1.3.0] AndroidManifest.xml:49:13-51:29
236                <action android:name="androidx.profileinstaller.action.BENCHMARK_OPERATION" />
236-->[androidx.profileinstaller:profileinstaller:1.3.0] AndroidManifest.xml:50:17-95
236-->[androidx.profileinstaller:profileinstaller:1.3.0] AndroidManifest.xml:50:25-92
237            </intent-filter>
238        </receiver>
239    </application>
240
241</manifest>